{"level":"info","message":"Connection with database established","timestamp":"2026-03-17 21:16:11"}
{"level":"info","message":"Server is running on port 3000","timestamp":"2026-03-17 21:16:11"}
{"level":"info","message":"MongoDB disconnected","timestamp":"2026-03-17 21:16:30"}
{"level":"info","message":"Connection with database established","timestamp":"2026-03-29 13:06:58"}
{"level":"info","message":"Server is running on port 3000","timestamp":"2026-03-29 13:06:58"}
{"level":"info","message":"MongoDB disconnected","timestamp":"2026-03-29 13:07:03"}
{"level":"info","message":"Connection with database established","timestamp":"2026-03-29 13:07:59"}
{"level":"info","message":"Server is running on port 3000","timestamp":"2026-03-29 13:07:59"}
{"level":"info","message":"MongoDB disconnected","timestamp":"2026-03-29 13:08:46"}
{"level":"info","message":"Connection with database established","timestamp":"2026-03-29 13:08:50"}
{"level":"info","message":"Server is running on port 3000","timestamp":"2026-03-29 13:08:50"}
{"level":"info","message":"Books fetched successfully","timestamp":"2026-03-29 13:08:51"}
{"level":"info","message":"MongoDB disconnected","timestamp":"2026-03-29 13:10:05"}
{"level":"info","message":"Connection with database established","timestamp":"2026-03-29 13:10:09"}
{"level":"info","message":"Server is running on port 3000","timestamp":"2026-03-29 13:10:11"}
{"level":"info","message":"Books fetched successfully","timestamp":"2026-03-29 13:10:18"}
{"level":"info","message":"MongoDB disconnected","timestamp":"2026-03-29 13:12:05"}
{"level":"info","message":"Connection with database established","timestamp":"2026-03-29 13:12:55"}
{"level":"info","message":"Server is running on port 3000","timestamp":"2026-03-29 13:12:56"}
{"level":"info","message":"Books fetched successfully","timestamp":"2026-03-29 13:12:58"}
{"level":"info","message":"MongoDB disconnected","timestamp":"2026-03-29 13:14:08"}
{"level":"info","message":"Connection with database established","timestamp":"2026-03-29 13:14:12"}
{"level":"info","message":"Server is running on port 3000","timestamp":"2026-03-29 13:14:13"}
{"level":"info","message":"Books fetched successfully","timestamp":"2026-03-29 13:14:15"}
{"level":"info","message":"Books fetched successfully","timestamp":"2026-03-29 13:14:31"}
{"level":"info","message":"MongoDB disconnected","timestamp":"2026-03-29 13:15:29"}
{"level":"info","message":"Connection with database established","timestamp":"2026-03-29 13:15:33"}
{"level":"info","message":"Server is running on port 3000","timestamp":"2026-03-29 13:15:34"}
{"level":"info","message":"Books fetched successfully","timestamp":"2026-03-29 13:15:35"}
{"level":"info","message":"MongoDB disconnected","timestamp":"2026-03-29 13:16:06"}
{"level":"info","message":"Connection with database established","timestamp":"2026-03-29 13:17:50"}
{"level":"info","message":"Database seeded successfully","timestamp":"2026-03-29 13:17:56"}
{"level":"info","message":"Server is running on port 3000","timestamp":"2026-03-29 13:17:56"}
{"level":"info","message":"Books fetched successfully","timestamp":"2026-03-29 13:18:01"}
{"level":"info","message":"MongoDB disconnected","timestamp":"2026-03-29 13:18:49"}
{"level":"info","message":"Connection with database established","timestamp":"2026-04-03 22:34:24"}
{"level":"info","message":"Database seeded successfully","timestamp":"2026-04-03 22:34:29"}
{"level":"info","message":"Server is running on port 3000","timestamp":"2026-04-03 22:34:29"}
{"level":"info","message":"MongoDB disconnected","timestamp":"2026-04-03 22:35:33"}
